<?xml version="1.0" encoding="UTF-8"?>
<!-- Generated by org.testng.reporters.JUnitXMLReporter -->
<testsuite hostname="DESKTOP-O3E0A86" ignored="0" name="Chrome Test10" tests="4" failures="0" timestamp="2020-07-04T09:27:45 IST" time="24.325" errors="0">
  <testcase name="simpleTest" time="1.139" classname="TestCases.BrowserStackSampleTest2"/>
  <testcase name="simpleTest" time="3.15" classname="TestCases.BrowserStackSampleTest"/>
  <testcase name="simpleTest" time="1.614" classname="TestCases.BrowserStackSampleTest"/>
  <testcase name="simpleTest" time="15.665" classname="TestCases.BrowserStackSampleTest2"/>
</testsuite> <!-- Chrome Test10 -->
