<?xml version="1.0" encoding="UTF-8"?>
<!-- Generated by org.testng.reporters.JUnitXMLReporter -->
<testsuite hostname="DESKTOP-O3E0A86" ignored="0" name="Chrome Test8" tests="2" failures="2" timestamp="2020-07-05T20:42:49 IST" time="10.784" errors="0">
  <testcase name="simpleTest" time="0.943" classname="TestCases.BrowserStackSampleTest2">
    <failure type="java.lang.AssertionError" message="expected [BrowserStack - Google Search] but found [Google]">
      <![CDATA[java.lang.AssertionError: expected [BrowserStack - Google Search] but found [Google]
at TestCases.BrowserStackSampleTest2.simpleTest(BrowserStackSampleTest2.java:28)
at java.util.ArrayList.forEach(ArrayList.java:1257)
at java.util.concurrent.FutureTask.run(FutureTask.java:266)
at java.util.concurrent.ThreadPoolExecutor.runWorker(ThreadPoolExecutor.java:1149)
at java.util.concurrent.ThreadPoolExecutor$Worker.run(ThreadPoolExecutor.java:624)
at java.lang.Thread.run(Thread.java:748)
... Removed 23 stack frames]]>
    </failure>
  </testcase> <!-- simpleTest -->
  <testcase name="simpleTest" time="0.398" classname="TestCases.BrowserStackSampleTest2">
    <failure type="java.lang.AssertionError" message="expected [BrowserStack - Google Search] but found [Google]">
      <![CDATA[java.lang.AssertionError: expected [BrowserStack - Google Search] but found [Google]
at TestCases.BrowserStackSampleTest2.simpleTest(BrowserStackSampleTest2.java:28)
at java.util.ArrayList.forEach(ArrayList.java:1257)
at java.util.concurrent.FutureTask.run(FutureTask.java:266)
at java.util.concurrent.ThreadPoolExecutor.runWorker(ThreadPoolExecutor.java:1149)
at java.util.concurrent.ThreadPoolExecutor$Worker.run(ThreadPoolExecutor.java:624)
at java.lang.Thread.run(Thread.java:748)
... Removed 23 stack frames]]>
    </failure>
  </testcase> <!-- simpleTest -->
</testsuite> <!-- Chrome Test8 -->
