<?xml version="1.0" encoding="UTF-8"?>
<!-- Generated by org.testng.reporters.JUnitXMLReporter -->
<testsuite hostname="DESKTOP-O3E0A86" ignored="0" name="Firefox Test10" tests="1" failures="1" timestamp="2020-07-04T13:43:39 IST" time="14.0" errors="0">
  <testcase name="simpleTest" time="1.345" classname="TestCases.BrowserStackSampleTest3">
    <failure type="java.lang.AssertionError" message="expected [BrowserStack - Google Search] but found [Google]">
      <![CDATA[java.lang.AssertionError: expected [BrowserStack - Google Search] but found [Google]
at TestCases.BrowserStackSampleTest3.simpleTest(BrowserStackSampleTest3.java:27)
at java.util.ArrayList.forEach(ArrayList.java:1257)
at java.util.concurrent.FutureTask.run(FutureTask.java:266)
at java.util.concurrent.ThreadPoolExecutor.runWorker(ThreadPoolExecutor.java:1149)
at java.util.concurrent.ThreadPoolExecutor$Worker.run(ThreadPoolExecutor.java:624)
at java.lang.Thread.run(Thread.java:748)
... Removed 23 stack frames]]>
    </failure>
  </testcase> <!-- simpleTest -->
</testsuite> <!-- Firefox Test10 -->
