<?xml version="1.0" encoding="UTF-8"?>
<testng-results skipped="0" failed="0" ignored="0" total="4" passed="4">
  <reporter-output>
  </reporter-output>
  <suite name="Suite" duration-ms="16352" started-at="2020-07-03T13:08:03 IST" finished-at="2020-07-03T13:08:19 IST">
    <groups>
    </groups>
    <test name="Chrome Test" duration-ms="10438" started-at="2020-07-03T13:08:03 IST" finished-at="2020-07-03T13:08:13 IST">
      <class name="TestCases.TestCase001">
        <test-method status="PASS" signature="setup(java.lang.String)[pri:0, instance:TestCases.TestCase001@48503868]" name="setup" is-config="true" duration-ms="8297" started-at="2020-07-03T13:08:03 IST" finished-at="2020-07-03T13:08:11 IST">
          <params>
            <param index="0">
              <value>
                <![CDATA[chrome]]>
              </value>
            </param>
          </params>
          <reporter-output>
          </reporter-output>
        </test-method> <!-- setup -->
        <test-method status="PASS" signature="test001()[pri:0, instance:TestCases.TestCase001@48503868]" name="test001" duration-ms="724" started-at="2020-07-03T13:08:11 IST" finished-at="2020-07-03T13:08:12 IST">
          <reporter-output>
          </reporter-output>
        </test-method> <!-- test001 -->
        <test-method status="PASS" signature="test002()[pri:0, instance:TestCases.TestCase001@48503868]" name="test002" duration-ms="88" started-at="2020-07-03T13:08:12 IST" finished-at="2020-07-03T13:08:12 IST">
          <reporter-output>
          </reporter-output>
        </test-method> <!-- test002 -->
        <test-method status="PASS" signature="terminate()[pri:0, instance:TestCases.TestCase001@48503868]" name="terminate" is-config="true" duration-ms="1136" started-at="2020-07-03T13:08:12 IST" finished-at="2020-07-03T13:08:13 IST">
          <reporter-output>
          </reporter-output>
        </test-method> <!-- terminate -->
      </class> <!-- TestCases.TestCase001 -->
    </test> <!-- Chrome Test -->
    <test name="Firefox Test" duration-ms="16352" started-at="2020-07-03T13:08:03 IST" finished-at="2020-07-03T13:08:19 IST">
      <class name="TestCases.TestCase001">
        <test-method status="PASS" signature="setup(java.lang.String)[pri:0, instance:TestCases.TestCase001@458c1321]" name="setup" is-config="true" duration-ms="14659" started-at="2020-07-03T13:08:03 IST" finished-at="2020-07-03T13:08:17 IST">
          <params>
            <param index="0">
              <value>
                <![CDATA[firefox]]>
              </value>
            </param>
          </params>
          <reporter-output>
          </reporter-output>
        </test-method> <!-- setup -->
        <test-method status="PASS" signature="test001()[pri:0, instance:TestCases.TestCase001@458c1321]" name="test001" duration-ms="11" started-at="2020-07-03T13:08:17 IST" finished-at="2020-07-03T13:08:17 IST">
          <reporter-output>
          </reporter-output>
        </test-method> <!-- test001 -->
        <test-method status="PASS" signature="test002()[pri:0, instance:TestCases.TestCase001@458c1321]" name="test002" duration-ms="23" started-at="2020-07-03T13:08:17 IST" finished-at="2020-07-03T13:08:17 IST">
          <reporter-output>
          </reporter-output>
        </test-method> <!-- test002 -->
        <test-method status="PASS" signature="terminate()[pri:0, instance:TestCases.TestCase001@458c1321]" name="terminate" is-config="true" duration-ms="1519" started-at="2020-07-03T13:08:17 IST" finished-at="2020-07-03T13:08:19 IST">
          <reporter-output>
          </reporter-output>
        </test-method> <!-- terminate -->
      </class> <!-- TestCases.TestCase001 -->
    </test> <!-- Firefox Test -->
  </suite> <!-- Suite -->
</testng-results>
